# JRE version: Java(TM) SE Runtime Environment 18.9 (11.0.15.1+2) (build 11.0.15.1+2-LTS-10)
# Java VM: Java HotSpot(TM) 64-Bit Server VM 18.9 (11.0.15.1+2-LTS-10, mixed mode, tiered, compressed oops, g1 gc, bsd-amd64)
Heap:
 garbage-first heap   total 794624K, used 84247K [0x0000000600000000, 0x0000000800000000)
  region size 2048K, 34 young (69632K), 10 survivors (20480K)
 Metaspace       used 63376K, capacity 64301K, committed 64592K, reserved 1105920K
  class space    used 8022K, capacity 8433K, committed 8448K, reserved 1048576K
GC Heap History (10 events):
Event: 4.002 GC heap before
{Heap before GC invocations=6 (full 0):
 garbage-first heap   total 661504K, used 80428K [0x0000000600000000, 0x0000000800000000)
  region size 2048K, 34 young (69632K), 4 survivors (8192K)
 Metaspace       used 34981K, capacity 35557K, committed 35888K, reserved 1081344K
  class space    used 4404K, capacity 4652K, committed 4736K, reserved 1048576K
}
Event: 4.024 GC heap after
{Heap after GC invocations=7 (full 0):
 garbage-first heap   total 661504K, used 21347K [0x0000000600000000, 0x0000000800000000)
  region size 2048K, 5 young (10240K), 5 survivors (10240K)
 Metaspace       used 34981K, capacity 35557K, committed 35888K, reserved 1081344K
  class space    used 4404K, capacity 4652K, committed 4736K, reserved 1048576K
}
Event: 5.261 GC heap before
{Heap before GC invocations=8 (full 0):
 garbage-first heap   total 661504K, used 217955K [0x0000000600000000, 0x0000000800000000)
  region size 2048K, 101 young (206848K), 5 survivors (10240K)
 Metaspace       used 37909K, capacity 38559K, committed 38960K, reserved 1083392K
  class space    used 4921K, capacity 5214K, committed 5248K, reserved 1048576K
}
Event: 5.281 GC heap after
{Heap after GC invocations=9 (full 0):
 garbage-first heap   total 661504K, used 22955K [0x0000000600000000, 0x0000000800000000)
  region size 2048K, 6 young (12288K), 6 survivors (12288K)
 Metaspace       used 37909K, capacity 38559K, committed 38960K, reserved 1083392K
  class space    used 4921K, capacity 5214K, committed 5248K, reserved 1048576K
}
Event: 6.117 GC heap before
{Heap before GC invocations=9 (full 0):
 garbage-first heap   total 661504K, used 358827K [0x0000000600000000, 0x0000000800000000)
  region size 2048K, 170 young (348160K), 6 survivors (12288K)
 Metaspace       used 37975K, capacity 38623K, committed 38960K, reserved 1083392K
  class space    used 4922K, capacity 5214K, committed 5248K, reserved 1048576K
}
Event: 6.127 GC heap after
{Heap after GC invocations=10 (full 0):
 garbage-first heap   total 661504K, used 23960K [0x0000000600000000, 0x0000000800000000)
  region size 2048K, 6 young (12288K), 6 survivors (12288K)
 Metaspace       used 37975K, capacity 38623K, committed 38960K, reserved 1083392K
  class space    used 4922K, capacity 5214K, committed 5248K, reserved 1048576K
}
Event: 28.025 GC heap before
{Heap before GC invocations=10 (full 0):
 garbage-first heap   total 661504K, used 413080K [0x0000000600000000, 0x0000000800000000)
  region size 2048K, 193 young (395264K), 6 survivors (12288K)
 Metaspace       used 57252K, capacity 58103K, committed 58544K, reserved 1099776K
  class space    used 7283K, capacity 7665K, committed 7680K, reserved 1048576K
}
Event: 28.044 GC heap after
{Heap after GC invocations=11 (full 0):
 garbage-first heap   total 794624K, used 36234K [0x0000000600000000, 0x0000000800000000)
  region size 2048K, 9 young (18432K), 9 survivors (18432K)
 Metaspace       used 57252K, capacity 58103K, committed 58544K, reserved 1099776K
  class space    used 7283K, capacity 7665K, committed 7680K, reserved 1048576K
}
Event: 28.182 GC heap before
{Heap before GC invocations=11 (full 0):
 garbage-first heap   total 794624K, used 56714K [0x0000000600000000, 0x0000000800000000)
  region size 2048K, 20 young (40960K), 9 survivors (18432K)
 Metaspace       used 59067K, capacity 59944K, committed 60240K, reserved 1101824K
  class space    used 7498K, capacity 7896K, committed 7936K, reserved 1048576K
}
Event: 28.196 GC heap after
{Heap after GC invocations=12 (full 0):
 garbage-first heap   total 794624K, used 37143K [0x0000000600000000, 0x0000000800000000)
  region size 2048K, 10 young (20480K), 10 survivors (20480K)
 Metaspace       used 59067K, capacity 59944K, committed 60240K, reserved 1101824K
  class space    used 7498K, capacity 7896K, committed 7936K, reserved 1048576K
}

