# JRE version: Java(TM) SE Runtime Environment 18.9 (11.0.15.1+2) (build 11.0.15.1+2-LTS-10)
# Java VM: Java HotSpot(TM) 64-Bit Server VM 18.9 (11.0.15.1+2-LTS-10, mixed mode, tiered, compressed oops, g1 gc, bsd-amd64)
Heap:
 garbage-first heap   total 757760K, used 203509K [0x0000000600000000, 0x0000000800000000)
  region size 2048K, 81 young (165888K), 9 survivors (18432K)
 Metaspace       used 111614K, capacity 115812K, committed 116060K, reserved 1148928K
  class space    used 15381K, capacity 17392K, committed 17408K, reserved 1048576K
GC Heap History (10 events):
Event: 3.113 GC heap before
{Heap before GC invocations=6 (full 0):
 garbage-first heap   total 630784K, used 129021K [0x0000000600000000, 0x0000000800000000)
  region size 2048K, 53 young (108544K), 6 survivors (12288K)
 Metaspace       used 33142K, capacity 33598K, committed 33840K, reserved 1079296K
  class space    used 3747K, capacity 3959K, committed 3968K, reserved 1048576K
}
Event: 3.125 GC heap after
{Heap after GC invocations=7 (full 0):
 garbage-first heap   total 630784K, used 40125K [0x0000000600000000, 0x0000000800000000)
  region size 2048K, 5 young (10240K), 5 survivors (10240K)
 Metaspace       used 33142K, capacity 33598K, committed 33840K, reserved 1079296K
  class space    used 3747K, capacity 3959K, committed 3968K, reserved 1048576K
}
Event: 3.460 GC heap before
{Heap before GC invocations=7 (full 0):
 garbage-first heap   total 630784K, used 68797K [0x0000000600000000, 0x0000000800000000)
  region size 2048K, 20 young (40960K), 5 survivors (10240K)
 Metaspace       used 35182K, capacity 35733K, committed 35888K, reserved 1081344K
  class space    used 3991K, capacity 4223K, committed 4224K, reserved 1048576K
}
Event: 3.465 GC heap after
{Heap after GC invocations=8 (full 0):
 garbage-first heap   total 630784K, used 34727K [0x0000000600000000, 0x0000000800000000)
  region size 2048K, 3 young (6144K), 3 survivors (6144K)
 Metaspace       used 35182K, capacity 35733K, committed 35888K, reserved 1081344K
  class space    used 3991K, capacity 4223K, committed 4224K, reserved 1048576K
}
Event: 5.573 GC heap before
{Heap before GC invocations=9 (full 0):
 garbage-first heap   total 630784K, used 180135K [0x0000000600000000, 0x0000000800000000)
  region size 2048K, 76 young (155648K), 3 survivors (6144K)
 Metaspace       used 58508K, capacity 60229K, committed 60316K, reserved 1101824K
  class space    used 7401K, capacity 8176K, committed 8192K, reserved 1048576K
}
Event: 5.584 GC heap after
{Heap after GC invocations=10 (full 0):
 garbage-first heap   total 630784K, used 40933K [0x0000000600000000, 0x0000000800000000)
  region size 2048K, 7 young (14336K), 7 survivors (14336K)
 Metaspace       used 58508K, capacity 60229K, committed 60316K, reserved 1101824K
  class space    used 7401K, capacity 8176K, committed 8192K, reserved 1048576K
}
Event: 7.133 GC heap before
{Heap before GC invocations=11 (full 0):
 garbage-first heap   total 630784K, used 401381K [0x0000000600000000, 0x0000000800000000)
  region size 2048K, 184 young (376832K), 7 survivors (14336K)
 Metaspace       used 69898K, capacity 72277K, committed 72348K, reserved 1112064K
  class space    used 9149K, capacity 10232K, committed 10240K, reserved 1048576K
}
Event: 7.153 GC heap after
{Heap after GC invocations=12 (full 0):
 garbage-first heap   total 630784K, used 60799K [0x0000000600000000, 0x0000000800000000)
  region size 2048K, 16 young (32768K), 16 survivors (32768K)
 Metaspace       used 69898K, capacity 72277K, committed 72348K, reserved 1112064K
  class space    used 9149K, capacity 10232K, committed 10240K, reserved 1048576K
}
Event: 27.310 GC heap before
{Heap before GC invocations=12 (full 0):
 garbage-first heap   total 630784K, used 357759K [0x0000000600000000, 0x0000000800000000)
  region size 2048K, 163 young (333824K), 16 survivors (32768K)
 Metaspace       used 97317K, capacity 100837K, committed 100956K, reserved 1136640K
  class space    used 13186K, capacity 14829K, committed 14848K, reserved 1048576K
}
Event: 27.340 GC heap after
{Heap after GC invocations=13 (full 0):
 garbage-first heap   total 757760K, used 58101K [0x0000000600000000, 0x0000000800000000)
  region size 2048K, 9 young (18432K), 9 survivors (18432K)
 Metaspace       used 97317K, capacity 100837K, committed 100956K, reserved 1136640K
  class space    used 13186K, capacity 14829K, committed 14848K, reserved 1048576K
}

