# JRE version: Java(TM) SE Runtime Environment 18.9 (11.0.15.1+2) (build 11.0.15.1+2-LTS-10)
# Java VM: Java HotSpot(TM) 64-Bit Server VM 18.9 (11.0.15.1+2-LTS-10, mixed mode, tiered, compressed oops, g1 gc, bsd-amd64)
Heap:
 garbage-first heap   total 772096K, used 93629K [0x0000000600000000, 0x0000000800000000)
  region size 2048K, 38 young (77824K), 9 survivors (18432K)
 Metaspace       used 63644K, capacity 64604K, committed 64976K, reserved 1105920K
  class space    used 8059K, capacity 8472K, committed 8576K, reserved 1048576K
GC Heap History (10 events):
Event: 2.124 GC heap before
{Heap before GC invocations=5 (full 0):
 garbage-first heap   total 524288K, used 109488K [0x0000000600000000, 0x0000000800000000)
  region size 2048K, 49 young (100352K), 2 survivors (4096K)
 Metaspace       used 32154K, capacity 32749K, committed 33072K, reserved 1079296K
  class space    used 3632K, capacity 3862K, committed 3968K, reserved 1048576K
}
Event: 2.133 GC heap after
{Heap after GC invocations=6 (full 0):
 garbage-first heap   total 643072K, used 19031K [0x0000000600000000, 0x0000000800000000)
  region size 2048K, 4 young (8192K), 4 survivors (8192K)
 Metaspace       used 32154K, capacity 32749K, committed 33072K, reserved 1079296K
  class space    used 3632K, capacity 3862K, committed 3968K, reserved 1048576K
}
Event: 2.468 GC heap before
{Heap before GC invocations=6 (full 0):
 garbage-first heap   total 643072K, used 76375K [0x0000000600000000, 0x0000000800000000)
  region size 2048K, 33 young (67584K), 4 survivors (8192K)
 Metaspace       used 35005K, capacity 35525K, committed 35888K, reserved 1081344K
  class space    used 4401K, capacity 4620K, committed 4736K, reserved 1048576K
}
Event: 2.477 GC heap after
{Heap after GC invocations=7 (full 0):
 garbage-first heap   total 643072K, used 21335K [0x0000000600000000, 0x0000000800000000)
  region size 2048K, 5 young (10240K), 5 survivors (10240K)
 Metaspace       used 35005K, capacity 35525K, committed 35888K, reserved 1081344K
  class space    used 4401K, capacity 4620K, committed 4736K, reserved 1048576K
}
Event: 3.004 GC heap before
{Heap before GC invocations=8 (full 0):
 garbage-first heap   total 643072K, used 224087K [0x0000000600000000, 0x0000000800000000)
  region size 2048K, 104 young (212992K), 5 survivors (10240K)
 Metaspace       used 37926K, capacity 38559K, committed 38960K, reserved 1083392K
  class space    used 4923K, capacity 5214K, committed 5248K, reserved 1048576K
}
Event: 3.011 GC heap after
{Heap after GC invocations=9 (full 0):
 garbage-first heap   total 643072K, used 22546K [0x0000000600000000, 0x0000000800000000)
  region size 2048K, 5 young (10240K), 5 survivors (10240K)
 Metaspace       used 37926K, capacity 38559K, committed 38960K, reserved 1083392K
  class space    used 4923K, capacity 5214K, committed 5248K, reserved 1048576K
}
Event: 3.538 GC heap before
{Heap before GC invocations=9 (full 0):
 garbage-first heap   total 643072K, used 397330K [0x0000000600000000, 0x0000000800000000)
  region size 2048K, 188 young (385024K), 5 survivors (10240K)
 Metaspace       used 37992K, capacity 38623K, committed 38960K, reserved 1083392K
  class space    used 4924K, capacity 5214K, committed 5248K, reserved 1048576K
}
Event: 3.543 GC heap after
{Heap after GC invocations=10 (full 0):
 garbage-first heap   total 643072K, used 24190K [0x0000000600000000, 0x0000000800000000)
  region size 2048K, 6 young (12288K), 6 survivors (12288K)
 Metaspace       used 37992K, capacity 38623K, committed 38960K, reserved 1083392K
  class space    used 4924K, capacity 5214K, committed 5248K, reserved 1048576K
}
Event: 6.897 GC heap before
{Heap before GC invocations=10 (full 0):
 garbage-first heap   total 643072K, used 384638K [0x0000000600000000, 0x0000000800000000)
  region size 2048K, 180 young (368640K), 6 survivors (12288K)
 Metaspace       used 59019K, capacity 59852K, committed 60240K, reserved 1101824K
  class space    used 7467K, capacity 7847K, committed 7936K, reserved 1048576K
}
Event: 6.912 GC heap after
{Heap after GC invocations=11 (full 0):
 garbage-first heap   total 772096K, used 36285K [0x0000000600000000, 0x0000000800000000)
  region size 2048K, 9 young (18432K), 9 survivors (18432K)
 Metaspace       used 59019K, capacity 59852K, committed 60240K, reserved 1101824K
  class space    used 7467K, capacity 7847K, committed 7936K, reserved 1048576K
}

