# JRE version: Java(TM) SE Runtime Environment 18.9 (11.0.15.1+2) (build 11.0.15.1+2-LTS-10)
# Java VM: Java HotSpot(TM) 64-Bit Server VM 18.9 (11.0.15.1+2-LTS-10, mixed mode, tiered, compressed oops, g1 gc, bsd-amd64)
Heap:
 garbage-first heap   total 774144K, used 91399K [0x0000000600000000, 0x0000000800000000)
  region size 2048K, 37 young (75776K), 9 survivors (18432K)
 Metaspace       used 63580K, capacity 64598K, committed 64976K, reserved 1105920K
  class space    used 8046K, capacity 8470K, committed 8576K, reserved 1048576K
GC Heap History (10 events):
Event: 2.367 GC heap before
{Heap before GC invocations=6 (full 0):
 garbage-first heap   total 524288K, used 117683K [0x0000000600000000, 0x0000000800000000)
  region size 2048K, 52 young (106496K), 2 survivors (4096K)
 Metaspace       used 32276K, capacity 32814K, committed 33328K, reserved 1079296K
  class space    used 3643K, capacity 3862K, committed 3968K, reserved 1048576K
}
Event: 2.378 GC heap after
{Heap after GC invocations=7 (full 0):
 garbage-first heap   total 634880K, used 19210K [0x0000000600000000, 0x0000000800000000)
  region size 2048K, 4 young (8192K), 4 survivors (8192K)
 Metaspace       used 32276K, capacity 32814K, committed 33328K, reserved 1079296K
  class space    used 3643K, capacity 3862K, committed 3968K, reserved 1048576K
}
Event: 2.699 GC heap before
{Heap before GC invocations=7 (full 0):
 garbage-first heap   total 634880K, used 72458K [0x0000000600000000, 0x0000000800000000)
  region size 2048K, 31 young (63488K), 4 survivors (8192K)
 Metaspace       used 34953K, capacity 35493K, committed 35920K, reserved 1081344K
  class space    used 4369K, capacity 4588K, committed 4608K, reserved 1048576K
}
Event: 2.709 GC heap after
{Heap after GC invocations=8 (full 0):
 garbage-first heap   total 634880K, used 21384K [0x0000000600000000, 0x0000000800000000)
  region size 2048K, 5 young (10240K), 5 survivors (10240K)
 Metaspace       used 34953K, capacity 35493K, committed 35920K, reserved 1081344K
  class space    used 4369K, capacity 4588K, committed 4608K, reserved 1048576K
}
Event: 3.294 GC heap before
{Heap before GC invocations=9 (full 0):
 garbage-first heap   total 634880K, used 246664K [0x0000000600000000, 0x0000000800000000)
  region size 2048K, 115 young (235520K), 5 survivors (10240K)
 Metaspace       used 37957K, capacity 38559K, committed 39120K, reserved 1083392K
  class space    used 4923K, capacity 5214K, committed 5248K, reserved 1048576K
}
Event: 3.305 GC heap after
{Heap after GC invocations=10 (full 0):
 garbage-first heap   total 634880K, used 23019K [0x0000000600000000, 0x0000000800000000)
  region size 2048K, 6 young (12288K), 6 survivors (12288K)
 Metaspace       used 37957K, capacity 38559K, committed 39120K, reserved 1083392K
  class space    used 4923K, capacity 5214K, committed 5248K, reserved 1048576K
}
Event: 3.790 GC heap before
{Heap before GC invocations=10 (full 0):
 garbage-first heap   total 634880K, used 391659K [0x0000000600000000, 0x0000000800000000)
  region size 2048K, 186 young (380928K), 6 survivors (12288K)
 Metaspace       used 38014K, capacity 38687K, committed 39120K, reserved 1083392K
  class space    used 4924K, capacity 5214K, committed 5248K, reserved 1048576K
}
Event: 3.797 GC heap after
{Heap after GC invocations=11 (full 0):
 garbage-first heap   total 634880K, used 23854K [0x0000000600000000, 0x0000000800000000)
  region size 2048K, 6 young (12288K), 6 survivors (12288K)
 Metaspace       used 38014K, capacity 38687K, committed 39120K, reserved 1083392K
  class space    used 4924K, capacity 5214K, committed 5248K, reserved 1048576K
}
Event: 23.305 GC heap before
{Heap before GC invocations=11 (full 0):
 garbage-first heap   total 634880K, used 367918K [0x0000000600000000, 0x0000000800000000)
  region size 2048K, 172 young (352256K), 6 survivors (12288K)
 Metaspace       used 58731K, capacity 59572K, committed 59984K, reserved 1101824K
  class space    used 7454K, capacity 7859K, committed 7936K, reserved 1048576K
}
Event: 23.323 GC heap after
{Heap after GC invocations=12 (full 0):
 garbage-first heap   total 774144K, used 36103K [0x0000000600000000, 0x0000000800000000)
  region size 2048K, 9 young (18432K), 9 survivors (18432K)
 Metaspace       used 58731K, capacity 59572K, committed 59984K, reserved 1101824K
  class space    used 7454K, capacity 7859K, committed 7936K, reserved 1048576K
}

